c:\hlocal\proyectosogre\proyectosogre\holaogre\debug\vc120.pdb
c:\hlocal\proyectosogre\proyectosogre\holaogre\debug\vc120.idb
c:\hlocal\proyectosogre\proyectosogre\holaogre\debug\holaapp.obj
c:\hlocal\proyectosogre\proyectosogre\holaogre\debug\main.obj
c:\hlocal\proyectosogre\proyectosogre\holaogre\debug\myapplicationcontext.obj
c:\hlocal\proyectosogre\proyectosogre\holaogre\debug\rendertargetlistener.obj
c:\hlocal\proyectosogre\proyectosogre\holaogre\debug\panelman.obj
c:\hlocal\proyectosogre\proyectosogre\holaogre\debug\sinbadman.obj
c:\hlocal\proyectosogre\proyectosogre\bin\holaogredebug.ilk
c:\hlocal\proyectosogre\proyectosogre\bin\holaogredebug.exe
c:\hlocal\proyectosogre\proyectosogre\bin\holaogredebug.pdb
c:\hlocal\proyectosogre\proyectosogre\holaogre\debug\holaogre.tlog\cl.command.1.tlog
c:\hlocal\proyectosogre\proyectosogre\holaogre\debug\holaogre.tlog\cl.read.1.tlog
c:\hlocal\proyectosogre\proyectosogre\holaogre\debug\holaogre.tlog\cl.write.1.tlog
c:\hlocal\proyectosogre\proyectosogre\holaogre\debug\holaogre.tlog\link-cvtres.read.1.tlog
c:\hlocal\proyectosogre\proyectosogre\holaogre\debug\holaogre.tlog\link-cvtres.write.1.tlog
c:\hlocal\proyectosogre\proyectosogre\holaogre\debug\holaogre.tlog\link-rc.read.1.tlog
c:\hlocal\proyectosogre\proyectosogre\holaogre\debug\holaogre.tlog\link-rc.write.1.tlog
c:\hlocal\proyectosogre\proyectosogre\holaogre\debug\holaogre.tlog\link.5408-cvtres.read.1.tlog
c:\hlocal\proyectosogre\proyectosogre\holaogre\debug\holaogre.tlog\link.5408-cvtres.write.1.tlog
c:\hlocal\proyectosogre\proyectosogre\holaogre\debug\holaogre.tlog\link.5408-rc.read.1.tlog
c:\hlocal\proyectosogre\proyectosogre\holaogre\debug\holaogre.tlog\link.5408-rc.write.1.tlog
c:\hlocal\proyectosogre\proyectosogre\holaogre\debug\holaogre.tlog\link.5408.read.1.tlog
c:\hlocal\proyectosogre\proyectosogre\holaogre\debug\holaogre.tlog\link.5408.write.1.tlog
c:\hlocal\proyectosogre\proyectosogre\holaogre\debug\holaogre.tlog\link.command.1.tlog
c:\hlocal\proyectosogre\proyectosogre\holaogre\debug\holaogre.tlog\link.read.1.tlog
c:\hlocal\proyectosogre\proyectosogre\holaogre\debug\holaogre.tlog\link.write.1.tlog
