13:48:07: Creating resource group General
13:48:07: Creating resource group OgreInternal
13:48:07: Creating resource group OgreAutodetect
13:48:07: SceneManagerFactory for type 'DefaultSceneManager' registered.
13:48:07: Registering ResourceManager for type Material
13:48:07: Registering ResourceManager for type Mesh
13:48:07: Registering ResourceManager for type Skeleton
13:48:07: MovableObjectFactory for type 'ParticleSystem' registered.
13:48:07: ArchiveFactory for archive type FileSystem registered.
13:48:07: ArchiveFactory for archive type Zip registered.
13:48:07: ArchiveFactory for archive type EmbeddedZip registered.
13:48:07: DDS codec registering
13:48:07: ETC codec registering
13:48:07: stb_image - v2.15 - public domain JPEG/PNG reader
13:48:07: Supported formats: jpeg,jpg,png,bmp,psd,tga,gif,pic,ppm,pgm,hdr
13:48:07: Registering ResourceManager for type HighLevelGpuProgram
13:48:07: Registering ResourceManager for type Compositor
13:48:07: MovableObjectFactory for type 'Entity' registered.
13:48:07: MovableObjectFactory for type 'Light' registered.
13:48:07: MovableObjectFactory for type 'BillboardSet' registered.
13:48:07: MovableObjectFactory for type 'ManualObject' registered.
13:48:07: MovableObjectFactory for type 'BillboardChain' registered.
13:48:07: MovableObjectFactory for type 'RibbonTrail' registered.
13:48:07: Loading library .\RenderSystem_GL_d
13:48:07: Installing plugin: GL RenderSystem
13:48:07: OpenGL Rendering Subsystem created.
13:48:08: Plugin successfully installed
13:48:08: Loading library .\RenderSystem_GL3Plus_d
13:48:08: Installing plugin: GL 3+ RenderSystem
13:48:08: OpenGL 3+ Rendering Subsystem created.
13:48:08: Plugin successfully installed
13:48:08: Loading library .\Plugin_ParticleFX_d
13:48:08: Installing plugin: ParticleFX
13:48:08: Particle Emitter Type 'Point' registered
13:48:08: Particle Emitter Type 'Box' registered
13:48:08: Particle Emitter Type 'Ellipsoid' registered
13:48:08: Particle Emitter Type 'Cylinder' registered
13:48:08: Particle Emitter Type 'Ring' registered
13:48:08: Particle Emitter Type 'HollowEllipsoid' registered
13:48:08: Particle Affector Type 'LinearForce' registered
13:48:08: Particle Affector Type 'ColourFader' registered
13:48:08: Particle Affector Type 'ColourFader2' registered
13:48:08: Particle Affector Type 'ColourImage' registered
13:48:08: Particle Affector Type 'ColourInterpolator' registered
13:48:08: Particle Affector Type 'Scaler' registered
13:48:08: Particle Affector Type 'Rotator' registered
13:48:08: Particle Affector Type 'DirectionRandomiser' registered
13:48:08: Particle Affector Type 'DeflectorPlane' registered
13:48:08: Plugin successfully installed
13:48:08: Loading library .\Plugin_BSPSceneManager_d
13:48:08: Installing plugin: BSP Scene Manager
13:48:08: Plugin successfully installed
13:48:08: Loading library .\Plugin_PCZSceneManager_d
13:48:08: Installing plugin: Portal Connected Zone Scene Manager
13:48:08: PCZone Factory Type 'ZoneType_Default' registered
13:48:08: Plugin successfully installed
13:48:08: Loading library .\Plugin_OctreeZone_d
13:48:08: Installing plugin: Octree Zone Factory
13:48:08: Plugin successfully installed
13:48:08: Loading library .\Plugin_OctreeSceneManager_d
13:48:08: Installing plugin: Octree Scene Manager
13:48:08: Plugin successfully installed
13:48:08: *-*-* OGRE Initialising
13:48:08: *-*-* Version 1.10.8 (Xalafu)
13:48:08: OverlayElementFactory for type Panel registered.
13:48:08: OverlayElementFactory for type BorderPanel registered.
13:48:08: OverlayElementFactory for type TextArea registered.
13:48:08: Registering ResourceManager for type Font
13:48:08: CPU Identifier & Features
13:48:08: -------------------------
13:48:08:  *   CPU ID: GenuineIntel: Intel(R) Core(TM)2 Quad CPU    Q6600  @ 2.40GHz
13:48:08:  *          SSE: yes
13:48:08:  *         SSE2: yes
13:48:08:  *         SSE3: yes
13:48:08:  *        SSE41: no
13:48:08:  *        SSE42: no
13:48:08:  *          MMX: yes
13:48:08:  *       MMXEXT: yes
13:48:08:  *        3DNOW: no
13:48:08:  *     3DNOWEXT: no
13:48:08:  *         CMOV: yes
13:48:08:  *          TSC: yes
13:48:08:  *INVARIANT TSC: no
13:48:08:  *          FPU: yes
13:48:08:  *          PRO: yes
13:48:08:  *           HT: no
13:48:08: -------------------------
13:48:08: *** Starting Win32GL Subsystem ***
13:48:08: GL3PlusRenderSystem::_createRenderWindow "HolaApp", 1024x768 windowed  miscParams: FSAA=0 externalWindowHandle=2425918 vsync=Yes 
13:48:08: Supported WGL extensions: WGL_ARB_buffer_region WGL_ARB_create_context WGL_ARB_create_context_profile WGL_ARB_create_context_robustness WGL_ARB_extensions_string WGL_ARB_make_current_read WGL_ARB_multisample WGL_ARB_pbuffer WGL_ARB_pixel_format WGL_ARB_pixel_format_float WGL_ARB_render_texture WGL_ATI_pixel_format_float WGL_EXT_create_context_es_profile WGL_EXT_create_context_es2_profile WGL_EXT_extensions_string WGL_EXT_framebuffer_sRGB WGL_EXT_pixel_format_packed_float WGL_EXT_swap_control WGL_EXT_swap_control_tear WGL_NVX_DX_interop WGL_NV_DX_interop WGL_NV_DX_interop2 WGL_NV_delay_before_swap WGL_NV_float_buffer WGL_NV_multisample_coverage WGL_NV_render_depth_texture WGL_NV_render_texture_rectangle 
13:48:08: GL_VERSION = 3.3.0.0
13:48:08: GL_VENDOR = NVIDIA Corporation
13:48:08: GL_RENDERER = GeForce 9600 GT/PCIe/SSE2
13:48:09: GL_EXTENSIONS = GL_ARB_arrays_of_arrays GL_ARB_base_instance GL_ARB_blend_func_extended GL_ARB_clear_buffer_object GL_ARB_color_buffer_float GL_ARB_compatibility GL_ARB_compressed_texture_pixel_storage GL_ARB_conservative_depth GL_ARB_copy_buffer GL_ARB_copy_image GL_ARB_debug_output GL_ARB_depth_buffer_float GL_ARB_depth_clamp GL_ARB_depth_texture GL_ARB_draw_buffers GL_ARB_draw_elements_base_vertex GL_ARB_draw_instanced GL_ARB_enhanced_layouts GL_ARB_ES2_compatibility GL_ARB_ES3_compatibility GL_ARB_explicit_attrib_location GL_ARB_explicit_uniform_location GL_ARB_fragment_coord_conventions GL_ARB_fragment_layer_viewport GL_ARB_fragment_program GL_ARB_fragment_program_shadow GL_ARB_fragment_shader GL_ARB_framebuffer_no_attachments GL_ARB_framebuffer_object GL_ARB_framebuffer_sRGB GL_ARB_geometry_shader4 GL_ARB_get_program_binary GL_ARB_half_float_pixel GL_ARB_half_float_vertex GL_ARB_imaging GL_ARB_instanced_arrays GL_ARB_internalformat_query GL_ARB_internalformat_query2 GL_ARB_invalidate_subdata GL_ARB_map_buffer_alignment GL_ARB_map_buffer_range GL_ARB_multi_bind GL_ARB_multisample GL_ARB_multitexture GL_ARB_occlusion_query GL_ARB_occlusion_query2 GL_ARB_pixel_buffer_object GL_ARB_point_parameters GL_ARB_point_sprite GL_ARB_program_interface_query GL_ARB_provoking_vertex GL_ARB_robust_buffer_access_behavior GL_ARB_robustness GL_ARB_sampler_objects GL_ARB_seamless_cube_map GL_ARB_separate_shader_objects GL_ARB_shader_bit_encoding GL_ARB_shader_objects GL_ARB_shader_texture_lod GL_ARB_shading_language_100 GL_ARB_shading_language_420pack GL_ARB_shading_language_include GL_ARB_shading_language_packing GL_ARB_shadow GL_ARB_stencil_texturing GL_ARB_sync GL_ARB_texture_border_clamp GL_ARB_texture_buffer_object GL_ARB_texture_buffer_range GL_ARB_texture_compression GL_ARB_texture_compression_rgtc GL_ARB_texture_cube_map GL_ARB_texture_env_add GL_ARB_texture_env_combine GL_ARB_texture_env_crossbar GL_ARB_texture_env_dot3 GL_ARB_texture_float GL_ARB_texture_mirror_clamp_to_edge GL_ARB_texture_mirrored_repeat GL_ARB_texture_multisample GL_ARB_texture_non_power_of_two GL_ARB_texture_query_levels GL_ARB_texture_rectangle GL_ARB_texture_rg GL_ARB_texture_rgb10_a2ui GL_ARB_texture_stencil8 GL_ARB_texture_storage GL_ARB_texture_storage_multisample GL_ARB_texture_swizzle GL_ARB_texture_view GL_ARB_timer_query GL_ARB_transpose_matrix GL_ARB_uniform_buffer_object GL_ARB_vertex_array_bgra GL_ARB_vertex_array_object GL_ARB_vertex_attrib_binding GL_ARB_vertex_buffer_object GL_ARB_vertex_program GL_ARB_vertex_shader GL_ARB_vertex_type_10f_11f_11f_rev GL_ARB_vertex_type_2_10_10_10_rev GL_ARB_viewport_array GL_ARB_window_pos GL_ATI_draw_buffers GL_ATI_texture_float GL_ATI_texture_mirror_once GL_S3_s3tc GL_EXT_texture_env_add GL_EXT_abgr GL_EXT_bgra GL_EXT_bindable_uniform GL_EXT_blend_color GL_EXT_blend_equation_separate GL_EXT_blend_func_separate GL_EXT_blend_minmax GL_EXT_blend_subtract GL_EXT_compiled_vertex_array GL_EXT_Cg_shader GL_EXT_depth_bounds_test GL_EXT_direct_state_access GL_EXT_draw_buffers2 GL_EXT_draw_instanced GL_EXT_draw_range_elements GL_EXT_fog_coord GL_EXT_framebuffer_blit GL_EXT_framebuffer_multisample GL_EXTX_framebuffer_mixed_formats GL_EXT_framebuffer_multisample_blit_scaled GL_EXT_framebuffer_object GL_EXT_framebuffer_sRGB GL_EXT_geometry_shader4 GL_EXT_gpu_program_parameters GL_EXT_gpu_shader4 GL_EXT_multi_draw_arrays GL_EXT_packed_depth_stencil GL_EXT_packed_float GL_EXT_packed_pixels GL_EXT_pixel_buffer_object GL_EXT_point_parameters GL_EXT_provoking_vertex GL_EXT_rescale_normal GL_EXT_secondary_color GL_EXT_separate_shader_objects GL_EXT_separate_specular_color GL_EXT_shader_integer_mix GL_EXT_shadow_funcs GL_EXT_stencil_two_side GL_EXT_stencil_wrap GL_EXT_texture3D GL_EXT_texture_array GL_EXT_texture_buffer_object GL_EXT_texture_compression_dxt1 GL_EXT_texture_compression_latc GL_EXT_texture_compression_rgtc GL_EXT_texture_compression_s3tc GL_EXT_texture_cube_map GL_EXT_texture_edge_clamp GL_EXT_texture_env_combine GL_EXT_texture_env_dot3 GL_EXT_texture_filter_anisotropic GL_EXT_texture_integer GL_EXT_texture_lod GL_EXT_texture_lod_bias GL_EXT_texture_mirror_clamp GL_EXT_texture_object GL_EXT_texture_shared_exponent GL_EXT_texture_sRGB GL_EXT_texture_sRGB_decode GL_EXT_texture_storage GL_EXT_texture_swizzle GL_EXT_timer_query GL_EXT_vertex_array GL_EXT_vertex_array_bgra GL_EXT_import_sync_object GL_IBM_rasterpos_clip GL_IBM_texture_mirrored_repeat GL_KHR_debug GL_KTX_buffer_region GL_NV_blend_square GL_NV_conditional_render GL_NV_copy_depth_to_color GL_NV_copy_image GL_NV_depth_buffer_float GL_NV_depth_clamp GL_NV_ES1_1_compatibility GL_NV_explicit_multisample GL_NV_fence GL_NV_float_buffer GL_NV_fog_distance GL_NV_fragment_program GL_NV_fragment_program_option GL_NV_fragment_program2 GL_NV_framebuffer_multisample_coverage GL_NV_geometry_shader4 GL_NV_gpu_program4 GL_NV_half_float GL_NV_light_max_exponent GL_NV_multisample_coverage GL_NV_multisample_filter_hint GL_NV_occlusion_query GL_NV_packed_depth_stencil GL_NV_parameter_buffer_object GL_NV_parameter_buffer_object2 GL_NV_path_rendering GL_NV_pixel_data_range GL_NV_point_sprite GL_NV_primitive_restart GL_NV_register_combiners GL_NV_register_combiners2 GL_NV_shader_buffer_load GL_NV_texgen_reflection GL_NV_texture_barrier GL_NV_texture_compression_vtc GL_NV_texture_env_combine4 GL_NV_texture_expand_normal GL_NV_texture_multisample GL_NV_texture_rectangle GL_NV_texture_shader GL_NV_texture_shader2 GL_NV_texture_shader3 GL_NV_transform_feedback GL_NV_vertex_array_range GL_NV_vertex_array_range2 GL_NV_vertex_buffer_unified_memory GL_NV_vertex_program GL_NV_vertex_program1_1 GL_NV_vertex_program2 GL_NV_vertex_program2_option GL_NV_vertex_program3 GL_NVX_conditional_render GL_NVX_gpu_memory_info GL_SGIS_generate_mipmap GL_SGIS_texture_lod GL_SGIX_depth_texture GL_SGIX_shadow GL_SUN_slice_accum GL_WIN_swap_hint WGL_EXT_swap_control 
13:48:09: **************************************
13:48:09: ***   OpenGL 3+ Renderer Started   ***
13:48:09: **************************************
13:48:09: Registering ResourceManager for type GpuProgram
13:48:09: GL3+: Using FBOs for rendering to textures
13:48:09: FBO PF_UNKNOWN depth/stencil support: D0S0 D0S8 D16S0 D16S8 D24S0 D24S8 D32S0 D32S8 D32S0 D32S8 Packed-D24S8 Packed-D32S8 
13:48:09: FBO PF_L8 depth/stencil support: D0S0 D0S8 D16S0 D16S8 D24S0 D24S8 D32S0 D32S8 D32S0 D32S8 Packed-D24S8 Packed-D32S8 
13:48:09: FBO PF_L16 depth/stencil support: D0S0 D0S8 D16S0 D16S8 D24S0 D24S8 D32S0 D32S8 D32S0 D32S8 Packed-D24S8 Packed-D32S8 
13:48:09: FBO PF_A8 depth/stencil support: D0S0 D0S8 D16S0 D16S8 D24S0 D24S8 D32S0 D32S8 D32S0 D32S8 Packed-D24S8 Packed-D32S8 
13:48:09: FBO PF_BYTE_LA depth/stencil support: D0S0 D0S8 D16S0 D16S8 D24S0 D24S8 D32S0 D32S8 D32S0 D32S8 Packed-D24S8 Packed-D32S8 
13:48:09: FBO PF_R5G6B5 depth/stencil support: D0S0 D0S8 D16S0 D16S8 D24S0 D24S8 D32S0 D32S8 D32S0 D32S8 Packed-D24S8 Packed-D32S8 
13:48:09: FBO PF_B5G6R5 depth/stencil support: D0S0 D0S8 D16S0 D16S8 D24S0 D24S8 D32S0 D32S8 D32S0 D32S8 Packed-D24S8 Packed-D32S8 
13:48:09: FBO PF_A4R4G4B4 depth/stencil support: D0S0 D0S8 D16S0 D16S8 D24S0 D24S8 D32S0 D32S8 D32S0 D32S8 Packed-D24S8 Packed-D32S8 
13:48:09: FBO PF_A1R5G5B5 depth/stencil support: D0S0 D0S8 D16S0 D16S8 D24S0 D24S8 D32S0 D32S8 D32S0 D32S8 Packed-D24S8 Packed-D32S8 
13:48:09: FBO PF_R8G8B8 depth/stencil support: D0S0 D0S8 D16S0 D16S8 D24S0 D24S8 D32S0 D32S8 D32S0 D32S8 Packed-D24S8 Packed-D32S8 
13:48:09: FBO PF_B8G8R8 depth/stencil support: D0S0 D0S8 D16S0 D16S8 D24S0 D24S8 D32S0 D32S8 D32S0 D32S8 Packed-D24S8 Packed-D32S8 
13:48:09: FBO PF_A8R8G8B8 depth/stencil support: D0S0 D0S8 D16S0 D16S8 D24S0 D24S8 D32S0 D32S8 D32S0 D32S8 Packed-D24S8 Packed-D32S8 
13:48:09: FBO PF_A8B8G8R8 depth/stencil support: D0S0 D0S8 D16S0 D16S8 D24S0 D24S8 D32S0 D32S8 D32S0 D32S8 Packed-D24S8 Packed-D32S8 
13:48:09: FBO PF_B8G8R8A8 depth/stencil support: D0S0 D0S8 D16S0 D16S8 D24S0 D24S8 D32S0 D32S8 D32S0 D32S8 Packed-D24S8 Packed-D32S8 
13:48:09: FBO PF_A2R10G10B10 depth/stencil support: D0S0 D0S8 D16S0 D16S8 D24S0 D24S8 D32S0 D32S8 D32S0 D32S8 Packed-D24S8 Packed-D32S8 
13:48:09: FBO PF_A2B10G10R10 depth/stencil support: D0S0 D0S8 D16S0 D16S8 D24S0 D24S8 D32S0 D32S8 D32S0 D32S8 Packed-D24S8 Packed-D32S8 
13:48:09: FBO PF_FLOAT16_RGB depth/stencil support: D0S0 D0S8 D16S0 D16S8 D24S0 D24S8 D32S0 D32S8 D32S0 D32S8 Packed-D24S8 Packed-D32S8 
13:48:09: FBO PF_FLOAT16_RGBA depth/stencil support: D0S0 D0S8 D16S0 D16S8 D24S0 D24S8 D32S0 D32S8 D32S0 D32S8 Packed-D24S8 Packed-D32S8 
13:48:09: FBO PF_FLOAT32_RGB depth/stencil support: D0S0 D0S8 D16S0 D16S8 D24S0 D24S8 D32S0 D32S8 D32S0 D32S8 Packed-D24S8 Packed-D32S8 
13:48:09: FBO PF_FLOAT32_RGBA depth/stencil support: D0S0 D0S8 D16S0 D16S8 D24S0 D24S8 D32S0 D32S8 D32S0 D32S8 Packed-D24S8 Packed-D32S8 
13:48:09: FBO PF_X8R8G8B8 depth/stencil support: D0S0 D0S8 D16S0 D16S8 D24S0 D24S8 D32S0 D32S8 D32S0 D32S8 Packed-D24S8 Packed-D32S8 
13:48:09: FBO PF_X8B8G8R8 depth/stencil support: D0S0 D0S8 D16S0 D16S8 D24S0 D24S8 D32S0 D32S8 D32S0 D32S8 Packed-D24S8 Packed-D32S8 
13:48:09: FBO PF_R8G8B8A8 depth/stencil support: D0S0 D0S8 D16S0 D16S8 D24S0 D24S8 D32S0 D32S8 D32S0 D32S8 Packed-D24S8 Packed-D32S8 
13:48:09: FBO PF_DEPTH depth/stencil support: D0S0 D0S8 D16S0 D16S8 D24S0 D24S8 D32S0 D32S8 D32S0 D32S8 Packed-D24S8 Packed-D32S8 
13:48:09: FBO PF_SHORT_RGBA depth/stencil support: D0S0 D0S8 D16S0 D16S8 D24S0 D24S8 D32S0 D32S8 D32S0 D32S8 Packed-D24S8 Packed-D32S8 
13:48:09: FBO PF_R3G3B2 depth/stencil support: D0S0 D0S8 D16S0 D16S8 D24S0 D24S8 D32S0 D32S8 D32S0 D32S8 Packed-D24S8 Packed-D32S8 
13:48:09: FBO PF_FLOAT16_R depth/stencil support: D0S0 D0S8 D16S0 D16S8 D24S0 D24S8 D32S0 D32S8 D32S0 D32S8 Packed-D24S8 Packed-D32S8 
13:48:09: FBO PF_FLOAT32_R depth/stencil support: D0S0 D0S8 D16S0 D16S8 D24S0 D24S8 D32S0 D32S8 D32S0 D32S8 Packed-D24S8 Packed-D32S8 
13:48:09: FBO PF_SHORT_GR depth/stencil support: D0S0 D0S8 D16S0 D16S8 D24S0 D24S8 D32S0 D32S8 D32S0 D32S8 Packed-D24S8 Packed-D32S8 
13:48:09: FBO PF_FLOAT16_GR depth/stencil support: D0S0 D0S8 D16S0 D16S8 D24S0 D24S8 D32S0 D32S8 D32S0 D32S8 Packed-D24S8 Packed-D32S8 
13:48:09: FBO PF_FLOAT32_GR depth/stencil support: D0S0 D0S8 D16S0 D16S8 D24S0 D24S8 D32S0 D32S8 D32S0 D32S8 Packed-D24S8 Packed-D32S8 
13:48:09: FBO PF_SHORT_RGB depth/stencil support: D0S0 D0S8 D16S0 D16S8 D24S0 D24S8 D32S0 D32S8 D32S0 D32S8 Packed-D24S8 Packed-D32S8 
13:48:09: FBO PF_R11G11B10_FLOAT depth/stencil support: D0S0 D0S8 D16S0 D16S8 D24S0 D24S8 D32S0 D32S8 D32S0 D32S8 Packed-D24S8 Packed-D32S8 
13:48:09: FBO PF_R8_UINT depth/stencil support: D0S0 D0S8 D16S0 D16S8 D24S0 D24S8 D32S0 D32S8 D32S0 D32S8 Packed-D24S8 Packed-D32S8 
13:48:09: FBO PF_R8G8_UINT depth/stencil support: D0S0 D0S8 D16S0 D16S8 D24S0 D24S8 D32S0 D32S8 D32S0 D32S8 Packed-D24S8 Packed-D32S8 
13:48:09: FBO PF_R8G8B8_UINT depth/stencil support: D0S0 D0S8 D16S0 D16S8 D24S0 D24S8 D32S0 D32S8 D32S0 D32S8 Packed-D24S8 Packed-D32S8 
13:48:09: FBO PF_R8G8B8A8_UINT depth/stencil support: D0S0 D0S8 D16S0 D16S8 D24S0 D24S8 D32S0 D32S8 D32S0 D32S8 Packed-D24S8 Packed-D32S8 
13:48:09: FBO PF_R16_UINT depth/stencil support: D0S0 D0S8 D16S0 D16S8 D24S0 D24S8 D32S0 D32S8 D32S0 D32S8 Packed-D24S8 Packed-D32S8 
13:48:09: FBO PF_R16G16_UINT depth/stencil support: D0S0 D0S8 D16S0 D16S8 D24S0 D24S8 D32S0 D32S8 D32S0 D32S8 Packed-D24S8 Packed-D32S8 
13:48:09: FBO PF_R16G16B16_UINT depth/stencil support: D0S0 D0S8 D16S0 D16S8 D24S0 D24S8 D32S0 D32S8 D32S0 D32S8 Packed-D24S8 Packed-D32S8 
13:48:09: FBO PF_R16G16B16A16_UINT depth/stencil support: D0S0 D0S8 D16S0 D16S8 D24S0 D24S8 D32S0 D32S8 D32S0 D32S8 Packed-D24S8 Packed-D32S8 
13:48:09: FBO PF_R32_UINT depth/stencil support: D0S0 D0S8 D16S0 D16S8 D24S0 D24S8 D32S0 D32S8 D32S0 D32S8 Packed-D24S8 Packed-D32S8 
13:48:09: FBO PF_R32G32_UINT depth/stencil support: D0S0 D0S8 D16S0 D16S8 D24S0 D24S8 D32S0 D32S8 D32S0 D32S8 Packed-D24S8 Packed-D32S8 
13:48:09: FBO PF_R32G32B32_UINT depth/stencil support: D0S0 D0S8 D16S0 D16S8 D24S0 D24S8 D32S0 D32S8 D32S0 D32S8 Packed-D24S8 Packed-D32S8 
13:48:09: FBO PF_R32G32B32A32_UINT depth/stencil support: D0S0 D0S8 D16S0 D16S8 D24S0 D24S8 D32S0 D32S8 D32S0 D32S8 Packed-D24S8 Packed-D32S8 
13:48:09: FBO PF_R8_SINT depth/stencil support: D0S0 D0S8 D16S0 D16S8 D24S0 D24S8 D32S0 D32S8 D32S0 D32S8 Packed-D24S8 Packed-D32S8 
13:48:09: FBO PF_R8G8_SINT depth/stencil support: D0S0 D0S8 D16S0 D16S8 D24S0 D24S8 D32S0 D32S8 D32S0 D32S8 Packed-D24S8 Packed-D32S8 
13:48:09: FBO PF_R8G8B8_SINT depth/stencil support: D0S0 D0S8 D16S0 D16S8 D24S0 D24S8 D32S0 D32S8 D32S0 D32S8 Packed-D24S8 Packed-D32S8 
13:48:09: FBO PF_R8G8B8A8_SINT depth/stencil support: D0S0 D0S8 D16S0 D16S8 D24S0 D24S8 D32S0 D32S8 D32S0 D32S8 Packed-D24S8 Packed-D32S8 
13:48:09: FBO PF_R16_SINT depth/stencil support: D0S0 D0S8 D16S0 D16S8 D24S0 D24S8 D32S0 D32S8 D32S0 D32S8 Packed-D24S8 Packed-D32S8 
13:48:09: FBO PF_R16G16_SINT depth/stencil support: D0S0 D0S8 D16S0 D16S8 D24S0 D24S8 D32S0 D32S8 D32S0 D32S8 Packed-D24S8 Packed-D32S8 
13:48:09: FBO PF_R16G16B16_SINT depth/stencil support: D0S0 D0S8 D16S0 D16S8 D24S0 D24S8 D32S0 D32S8 D32S0 D32S8 Packed-D24S8 Packed-D32S8 
13:48:09: FBO PF_R16G16B16A16_SINT depth/stencil support: D0S0 D0S8 D16S0 D16S8 D24S0 D24S8 D32S0 D32S8 D32S0 D32S8 Packed-D24S8 Packed-D32S8 
13:48:09: FBO PF_R32_SINT depth/stencil support: D0S0 D0S8 D16S0 D16S8 D24S0 D24S8 D32S0 D32S8 D32S0 D32S8 Packed-D24S8 Packed-D32S8 
13:48:09: FBO PF_R32G32_SINT depth/stencil support: D0S0 D0S8 D16S0 D16S8 D24S0 D24S8 D32S0 D32S8 D32S0 D32S8 Packed-D24S8 Packed-D32S8 
13:48:09: FBO PF_R32G32B32_SINT depth/stencil support: D0S0 D0S8 D16S0 D16S8 D24S0 D24S8 D32S0 D32S8 D32S0 D32S8 Packed-D24S8 Packed-D32S8 
13:48:09: FBO PF_R32G32B32A32_SINT depth/stencil support: D0S0 D0S8 D16S0 D16S8 D24S0 D24S8 D32S0 D32S8 D32S0 D32S8 Packed-D24S8 Packed-D32S8 
13:48:09: FBO PF_R8 depth/stencil support: D0S0 D0S8 D16S0 D16S8 D24S0 D24S8 D32S0 D32S8 D32S0 D32S8 Packed-D24S8 Packed-D32S8 
13:48:09: FBO PF_RG8 depth/stencil support: D0S0 D0S8 D16S0 D16S8 D24S0 D24S8 D32S0 D32S8 D32S0 D32S8 Packed-D24S8 Packed-D32S8 
13:48:09: [GL] : Valid FBO targets PF_UNKNOWN PF_L8 PF_L16 PF_A8 PF_BYTE_LA PF_R5G6B5 PF_B5G6R5 PF_A4R4G4B4 PF_A1R5G5B5 PF_R8G8B8 PF_B8G8R8 PF_A8R8G8B8 PF_A8B8G8R8 PF_B8G8R8A8 PF_A2R10G10B10 PF_A2B10G10R10 PF_FLOAT16_RGB PF_FLOAT16_RGBA PF_FLOAT32_RGB PF_FLOAT32_RGBA PF_X8R8G8B8 PF_X8B8G8R8 PF_R8G8B8A8 PF_DEPTH PF_SHORT_RGBA PF_R3G3B2 PF_FLOAT16_R PF_FLOAT32_R PF_SHORT_GR PF_FLOAT16_GR PF_FLOAT32_GR PF_SHORT_RGB PF_R11G11B10_FLOAT PF_R8_UINT PF_R8G8_UINT PF_R8G8B8_UINT PF_R8G8B8A8_UINT PF_R16_UINT PF_R16G16_UINT PF_R16G16B16_UINT PF_R16G16B16A16_UINT PF_R32_UINT PF_R32G32_UINT PF_R32G32B32_UINT PF_R32G32B32A32_UINT PF_R8_SINT PF_R8G8_SINT PF_R8G8B8_SINT PF_R8G8B8A8_SINT PF_R16_SINT PF_R16G16_SINT PF_R16G16B16_SINT PF_R16G16B16A16_SINT PF_R32_SINT PF_R32G32_SINT PF_R32G32B32_SINT PF_R32G32B32A32_SINT PF_R8 PF_RG8 
13:48:09: RenderSystem capabilities
13:48:09: -------------------------
13:48:09: RenderSystem Name: OpenGL 3+ Rendering Subsystem
13:48:09: GPU Vendor: nvidia
13:48:09: Device Name: GeForce 9600 GT/PCIe/SSE2
13:48:09: Driver Version: 3.3.0.0
13:48:09:  * Fixed function pipeline: no
13:48:09:  * Anisotropic texture filtering: yes
13:48:09:  * Cube mapping: yes
13:48:09:  * Hardware stencil buffer: yes
13:48:09:    - Stencil depth: 8
13:48:09:    - Two sided stencil support: yes
13:48:09:    - Wrap stencil values: yes
13:48:09:  * 32-bit index buffers: yes
13:48:09:  * Vertex programs: yes
13:48:10:  * Number of floating-point constants for vertex programs: 4096
13:48:10:  * Number of integer constants for vertex programs: 4096
13:48:10:  * Number of boolean constants for vertex programs: 4096
13:48:10:  * Fragment programs: yes
13:48:10:  * Number of floating-point constants for fragment programs: 2048
13:48:10:  * Number of integer constants for fragment programs: 2048
13:48:10:  * Number of boolean constants for fragment programs: 2048
13:48:10:  * Geometry programs: yes
13:48:10:  * Number of floating-point constants for geometry programs: 2048
13:48:10:  * Number of integer constants for geometry programs: 2048
13:48:10:  * Number of boolean constants for geometry programs: 2048
13:48:10:  * Tessellation Hull programs: no
13:48:10:  * Number of floating-point constants for tessellation hull programs: 52685
13:48:10:  * Number of integer constants for tessellation hull programs: 52685
13:48:10:  * Number of boolean constants for tessellation hull programs: 52685
13:48:10:  * Tessellation Domain programs: no
13:48:10:  * Number of floating-point constants for tessellation domain programs: 52685
13:48:10:  * Number of integer constants for tessellation domain programs: 52685
13:48:10:  * Number of boolean constants for tessellation domain programs: 52685
13:48:10:  * Compute programs: no
13:48:10:  * Number of floating-point constants for compute programs: 52685
13:48:10:  * Number of integer constants for compute programs: 52685
13:48:10:  * Number of boolean constants for compute programs: 52685
13:48:10:  * Supported Shader Profiles: glsl glsl130 glsl140 glsl150 glsl330
13:48:10:  * Texture Compression: yes
13:48:10:    - DXT: yes
13:48:10:    - VTC: yes
13:48:10:    - PVRTC: no
13:48:10:    - ATC: no
13:48:10:    - ETC1: no
13:48:10:    - ETC2: yes
13:48:10:    - BC4/BC5: yes
13:48:10:    - BC6H/BC7: no
13:48:10:    - Mipmaps for compressed formats: yes
13:48:10:  * Hardware Occlusion Query: yes
13:48:10:  * User clip planes: yes
13:48:10:  * VET_UBYTE4 vertex element type: yes
13:48:10:  * Infinite far plane projection: yes
13:48:10:  * Hardware render-to-texture: yes
13:48:10:  * Floating point textures: yes
13:48:10:  * Non-power-of-two textures: yes
13:48:10:  * 1d textures: yes
13:48:10:  * Volume textures: yes
13:48:10:  * Multiple Render Targets: 8
13:48:10:    - With different bit depths: yes
13:48:10:  * Point Sprites: yes
13:48:10:  * Hardware Gamma: yes
13:48:10:  * Extended point parameters: yes
13:48:10:  * Max Point Size: 189.875
13:48:10:  * Vertex texture fetch: yes
13:48:10:  * Number of world matrices: 0
13:48:10:  * Number of texture units: 16
13:48:10:  * Stencil buffer depth: 8
13:48:10:  * Number of vertex blend matrices: 0
13:48:10:    - Max vertex textures: 32
13:48:10:    - Vertex textures shared: yes
13:48:10:  * Render to Vertex Buffer : yes
13:48:10:  * Hardware Atomic Counters: no
13:48:10:  * PBuffer support: no
13:48:10:  * Vertex Array Objects: yes
13:48:10:  * Separate shader objects: yes
13:48:10:  * GLSL SSO redeclare interface block: yes
13:48:10:  * Debugging/ profiling events: yes
13:48:10:  * Map buffer storage: yes
13:48:10: Registering ResourceManager for type Texture
13:48:10: DefaultWorkQueue('Root') initialising on thread 6072.
13:48:10: DefaultWorkQueue('Root')::WorkerFunc - thread 7520 starting.
13:48:10: DefaultWorkQueue('Root')::WorkerFunc - thread 3816 starting.
13:48:10: DefaultWorkQueue('Root')::WorkerFunc - thread 3416 starting.
13:48:10: DefaultWorkQueue('Root')::WorkerFunc - thread 4224 starting.
13:48:10: Particle Renderer Type 'billboard' registered
13:48:10: SceneManagerFactory for type 'BspSceneManager' registered.
13:48:10: Registering ResourceManager for type BspLevel
13:48:10: SceneManagerFactory for type 'PCZSceneManager' registered.
13:48:10: MovableObjectFactory for type 'PCZLight' registered.
13:48:10: MovableObjectFactory for type 'Portal' registered.
13:48:10: MovableObjectFactory for type 'AntiPortal' registered.
13:48:10: PCZone Factory Type 'ZoneType_Octree' registered
13:48:10: SceneManagerFactory for type 'OctreeSceneManager' registered.
13:48:10: Creating resource group Essential
13:48:10: Added resource location '../Media/packs/SdkTrays' of type 'FileSystem' to resource group 'Essential'
13:48:10: Added resource location '../Media/packs/profiler' of type 'FileSystem' to resource group 'Essential'
13:48:10: Added resource location '../Media/thumbnails' of type 'FileSystem' to resource group 'Essential'
13:48:10: Added resource location '../Media' of type 'FileSystem' to resource group 'General'
13:48:10: Added resource location '../Media/App' of type 'FileSystem' to resource group 'General'
13:48:10: Added resource location '../Media/App/Sinbad' of type 'FileSystem' to resource group 'General'
13:48:10: Added resource location '../Media/App/material' of type 'FileSystem' to resource group 'General'
13:48:10: Added resource location '../Media/App/mesh' of type 'FileSystem' to resource group 'General'
13:48:10: Added resource location '../Media/App/textures' of type 'FileSystem' to resource group 'General'
13:48:10: Added resource location '../Media/materials/programs/GLSL120' of type 'FileSystem' to resource group 'General'
13:48:10: Added resource location '../Media/materials/programs/GLSL150' of type 'FileSystem' to resource group 'General'
13:48:10: Added resource location '../Media/RTShaderLib/materials' of type 'FileSystem' to resource group 'General'
13:48:10: Added resource location '../Media/RTShaderLib/GLSL' of type 'FileSystem' to resource group 'General'
13:48:10: Parsing scripts for resource group Essential
13:48:10: Parsing script SdkTrays.material
13:48:10: Parsing script OgreProfiler.material
13:48:10: Parsing script SdkTrays.fontdef
13:48:10: Parsing script SdkTrays.overlay
13:48:10: Texture: sdk_cursor.png: Loading 1 faces(PF_A8B8G8R8,32x32x1) with 5 hardware generated mipmaps from Image. Internal format is PF_A8R8G8B8,32x32x1.
13:48:10: Texture: sdk_tray.png: Loading 1 faces(PF_A8B8G8R8,64x64x1) with 6 hardware generated mipmaps from Image. Internal format is PF_A8R8G8B8,64x64x1.
13:48:10: Texture: sdk_button_up.png: Loading 1 faces(PF_A8B8G8R8,128x32x1) with 7 hardware generated mipmaps from Image. Internal format is PF_A8R8G8B8,128x32x1.
13:48:10: Texture: sdk_text_box.png: Loading 1 faces(PF_A8B8G8R8,32x32x1) with 5 hardware generated mipmaps from Image. Internal format is PF_A8R8G8B8,32x32x1.
13:48:10: Texture: sdk_mini_tray.png: Loading 1 faces(PF_A8B8G8R8,32x32x1) with 5 hardware generated mipmaps from Image. Internal format is PF_A8R8G8B8,32x32x1.
13:48:10: Texture: sdk_track.png: Loading 1 faces(PF_A8B8G8R8,16x32x1) with 5 hardware generated mipmaps from Image. Internal format is PF_A8R8G8B8,16x32x1.
13:48:10: Texture: sdk_handle.png: Loading 1 faces(PF_A8B8G8R8,16x16x1) with 4 hardware generated mipmaps from Image. Internal format is PF_A8R8G8B8,16x16x1.
13:48:10: Texture: sdk_mini_text_box.png: Loading 1 faces(PF_A8B8G8R8,32x32x1) with 5 hardware generated mipmaps from Image. Internal format is PF_A8R8G8B8,32x32x1.
13:48:10: Texture: sdk_label.png: Loading 1 faces(PF_A8B8G8R8,32x32x1) with 5 hardware generated mipmaps from Image. Internal format is PF_A8R8G8B8,32x32x1.
13:48:11: Texture: sdk_separator.png: Loading 1 faces(PF_A8B8G8R8,64x16x1) with 6 hardware generated mipmaps from Image. Internal format is PF_A8R8G8B8,64x16x1.
13:48:11: Texture: sdk_logo.png: Loading 1 faces(PF_A8B8G8R8,128x64x1) with 7 hardware generated mipmaps from Image. Internal format is PF_A8R8G8B8,128x64x1.
13:48:11: Texture: sdk_shade.png: Loading 1 faces(PF_A8B8G8R8,64x48x1) with 6 hardware generated mipmaps from Image. Internal format is PF_A8R8G8B8,64x48x1.
13:48:11: Texture: sdk_frame.png: Loading 1 faces(PF_A8B8G8R8,32x32x1) with 5 hardware generated mipmaps from Image. Internal format is PF_A8R8G8B8,32x32x1.
13:48:11: Texture: sdk_mini_text_box_over.png: Loading 1 faces(PF_A8B8G8R8,32x32x1) with 5 hardware generated mipmaps from Image. Internal format is PF_A8R8G8B8,32x32x1.
13:48:11: Texture: sdk_pulse.png: Loading 1 faces(PF_B8G8R8,8x1x1) with 3 hardware generated mipmaps from Image. Internal format is PF_R8G8B8,8x1x1.
13:48:11: Finished parsing scripts for resource group Essential
13:48:11: Creating resources for group Essential
13:48:11: All done
13:48:11: Parsing scripts for resource group General
13:48:11: Parsing script Sinbad.material
13:48:11: Parsing script KnotFly.material
13:48:11: Parsing script panel.material
13:48:11: Parsing script Smoke.material
13:48:11: Parsing script DualQuaternionSkinning_Shadow.material
13:48:12: Parsing script HardwareSkinningShadow.material
13:48:12: Parsing script RTShaderSystem.material
13:48:12: Parsing script TriplanarTexturing.material
13:48:13: Parsing script Smoke.particle
13:48:13: Texture: smoke.png: Loading 1 faces(PF_A8B8G8R8,256x256x1) with 8 hardware generated mipmaps from Image. Internal format is PF_A8R8G8B8,256x256x1.
13:48:13: Finished parsing scripts for resource group General
13:48:13: Creating resources for group General
13:48:13: All done
13:48:13: Parsing scripts for resource group OgreAutodetect
13:48:13: Finished parsing scripts for resource group OgreAutodetect
13:48:13: Creating resources for group OgreAutodetect
13:48:13: All done
13:48:13: Parsing scripts for resource group OgreInternal
13:48:13: Finished parsing scripts for resource group OgreInternal
13:48:13: Creating resources for group OgreInternal
13:48:13: All done
13:48:13: Mesh: Loading Sinbad.mesh.
13:48:13: Skeleton: Loading Sinbad.skeleton
13:48:13: WARNING: Sinbad.mesh is an older format ([MeshSerializer_v1.40]); you should upgrade it as soon as possible using the OgreMeshUpgrade tool.
13:48:13: Texture: sinbad_body.tga: Loading 1 faces(PF_B8G8R8,512x512x1) with 9 hardware generated mipmaps from Image. Internal format is PF_R8G8B8,512x512x1.
13:48:13: Texture: sinbad_clothes.tga: Loading 1 faces(PF_B8G8R8,512x512x1) with 9 hardware generated mipmaps from Image. Internal format is PF_R8G8B8,512x512x1.
13:48:13: Texture: sinbad_sword.tga: Loading 1 faces(PF_B8G8R8,256x256x1) with 8 hardware generated mipmaps from Image. Internal format is PF_R8G8B8,256x256x1.
13:48:14: WARNING: the mesh 'Sinbad.mesh' includes vertices with more than 4 bone assignments. The lowest weighted assignments beyond this limit have been removed, so your animation may look slightly different. To eliminate this, reduce the number of bone assignments per vertex on your mesh to 4.
13:48:14: Mesh: Loading Sword.mesh.
13:48:14: WARNING: Sword.mesh is an older format ([MeshSerializer_v1.40]); you should upgrade it as soon as possible using the OgreMeshUpgrade tool.
13:48:14: Texture: RustedMetal.jpg: Loading 1 faces(PF_B8G8R8,512x512x1) with 9 hardware generated mipmaps from Image. Internal format is PF_R8G8B8,512x512x1.
13:48:14: Mesh: Loading knot.mesh.
13:48:14: WARNING: knot.mesh is an older format ([MeshSerializer_v1.30]); you should upgrade it as soon as possible using the OgreMeshUpgrade tool.
13:48:14: Can't assign material 2 - Default to SubEntity of entKnotFly because this Material does not exist in group General. Have you forgotten to define it in a .material script?
13:48:14: Texture: MtlPlat2.jpg: Loading 1 faces(PF_B8G8R8,512x512x1) with 9 hardware generated mipmaps from Image. Internal format is PF_R8G8B8,512x512x1.
13:48:14: Mesh: Loading uv_sphere.mesh.
13:48:14: WARNING: uv_sphere.mesh is an older format ([MeshSerializer_v1.8]); you should upgrade it as soon as possible using the OgreMeshUpgrade tool.
13:48:15: GLSL compiled: ca41ca02076f7755774c0d85a32a6e1d_VS
13:48:15: GLSL compiled: FFPLib_Transform_VS
13:48:15: GLSL compiled: FFPLib_Common_VS
13:48:15: GLSL compiled: FFPLib_Lighting_VS
13:48:15: GLSL compiled: FFPLib_Texturing_VS
13:48:15: Vertex Shader: ca41ca02076f7755774c0d85a32a6e1d_VS
Fragment Shader: ef179341dd3ad0b95ee7cac6e9fb9b4f_FS
GLSL program result : 
13:48:15: GLSL compiled: ef179341dd3ad0b95ee7cac6e9fb9b4f_FS
13:48:15: GLSL compiled: FFPLib_Common_FS
13:48:15: GLSL compiled: FFPLib_Texturing_FS
13:48:15: Vertex Shader: ca41ca02076f7755774c0d85a32a6e1d_VS
Fragment Shader: ef179341dd3ad0b95ee7cac6e9fb9b4f_FS
GLSL program result : 
13:48:15: GLSL compiled: 435644a737f14ae68af0b2fd1e963560_VS
13:48:15: Vertex Shader: 435644a737f14ae68af0b2fd1e963560_VS
Fragment Shader: 4c27a8983238f7b5f16d4077d010cdaa_FS
GLSL program result : 
13:48:15: GLSL compiled: 4c27a8983238f7b5f16d4077d010cdaa_FS
13:48:15: Vertex Shader: 435644a737f14ae68af0b2fd1e963560_VS
Fragment Shader: 4c27a8983238f7b5f16d4077d010cdaa_FS
GLSL program result : 
13:48:15: Vertex Shader: 435644a737f14ae68af0b2fd1e963560_VS
Fragment Shader: 4c27a8983238f7b5f16d4077d010cdaa_FS
GLSL program pipeline validation result: 
13:48:15: GLSL compiled: 960dd2a473e26520f01f25216f2e3f1f_VS
13:48:15: Vertex Shader: 960dd2a473e26520f01f25216f2e3f1f_VS
Fragment Shader: 4b0281d7ed1bc676a2dfb3ecf984e5ed_FS
GLSL program result : 
13:48:15: GLSL compiled: 4b0281d7ed1bc676a2dfb3ecf984e5ed_FS
13:48:15: Vertex Shader: 960dd2a473e26520f01f25216f2e3f1f_VS
Fragment Shader: 4b0281d7ed1bc676a2dfb3ecf984e5ed_FS
GLSL program result : 
13:48:15: Vertex Shader: 960dd2a473e26520f01f25216f2e3f1f_VS
Fragment Shader: 4b0281d7ed1bc676a2dfb3ecf984e5ed_FS
GLSL program pipeline validation result: 
13:48:15: GLSL compiled: cf45f14fe552d6202973d38de03ad1e5_VS
13:48:15: Vertex Shader: cf45f14fe552d6202973d38de03ad1e5_VS
Fragment Shader: 4c27a8983238f7b5f16d4077d010cdaa_FS
GLSL program result : 
13:48:15: Vertex Shader: cf45f14fe552d6202973d38de03ad1e5_VS
Fragment Shader: 4c27a8983238f7b5f16d4077d010cdaa_FS
GLSL program pipeline validation result: 
13:48:15: Font SdkTrays/Caption using texture size 256x256
13:48:15: Texture: SdkTrays/CaptionTexture: Loading 1 faces(PF_BYTE_LA,256x256x1) Internal format is PF_BYTE_LA,256x256x1.
13:48:16: Font SdkTrays/Value using texture size 512x256
13:48:16: Texture: SdkTrays/ValueTexture: Loading 1 faces(PF_BYTE_LA,512x256x1) Internal format is PF_BYTE_LA,512x256x1.
13:48:16: GLSL compiled: 8a9548c20c749fffd4eb03ecdd17fc96_VS
13:48:16: Vertex Shader: 8a9548c20c749fffd4eb03ecdd17fc96_VS
Fragment Shader: 87b2da42a1c5d33957ec47e293776e0c_FS
GLSL program result : 
13:48:16: GLSL compiled: 87b2da42a1c5d33957ec47e293776e0c_FS
13:48:16: Vertex Shader: 8a9548c20c749fffd4eb03ecdd17fc96_VS
Fragment Shader: 87b2da42a1c5d33957ec47e293776e0c_FS
GLSL program result : 
13:48:16: Vertex Shader: 8a9548c20c749fffd4eb03ecdd17fc96_VS
Fragment Shader: 87b2da42a1c5d33957ec47e293776e0c_FS
GLSL program pipeline validation result: 
13:48:58: FileNotFoundException: Cannot locate resource egyptrockyfull.jpg in resource group General. in ResourceGroupManager::openResource at C:\Users\Ana\FDI\IG2\OGRE\ogre-1.10.8\OgreMain\src\OgreResourceGroupManager.cpp (line 708)
13:48:58: Error preparing texture egyptrockyfull.jpg. Texture layer will be blank: FileNotFoundException: Cannot locate resource egyptrockyfull.jpg in resource group General. in ResourceGroupManager::openResource at C:\Users\Ana\FDI\IG2\OGRE\ogre-1.10.8\OgreMain\src\OgreResourceGroupManager.cpp (line 708)
13:48:58: FileNotFoundException: Cannot locate resource egyptrockyfull.jpg in resource group General. in ResourceGroupManager::openResource at C:\Users\Ana\FDI\IG2\OGRE\ogre-1.10.8\OgreMain\src\OgreResourceGroupManager.cpp (line 708)
13:48:58: Error preparing texture egyptrockyfull.jpg. Texture layer will be blank: FileNotFoundException: Cannot locate resource egyptrockyfull.jpg in resource group General. in ResourceGroupManager::openResource at C:\Users\Ana\FDI\IG2\OGRE\ogre-1.10.8\OgreMain\src\OgreResourceGroupManager.cpp (line 708)
13:48:58: FileNotFoundException: Cannot locate resource rockwall.tga in resource group General. in ResourceGroupManager::openResource at C:\Users\Ana\FDI\IG2\OGRE\ogre-1.10.8\OgreMain\src\OgreResourceGroupManager.cpp (line 708)
13:48:58: Error preparing texture rockwall.tga. Texture layer will be blank: FileNotFoundException: Cannot locate resource rockwall.tga in resource group General. in ResourceGroupManager::openResource at C:\Users\Ana\FDI\IG2\OGRE\ogre-1.10.8\OgreMain\src\OgreResourceGroupManager.cpp (line 708)
13:48:58: FileNotFoundException: Cannot locate resource ogrelogo.png in resource group General. in ResourceGroupManager::openResource at C:\Users\Ana\FDI\IG2\OGRE\ogre-1.10.8\OgreMain\src\OgreResourceGroupManager.cpp (line 708)
13:48:58: Error preparing texture ogrelogo.png. Texture layer will be blank: FileNotFoundException: Cannot locate resource ogrelogo.png in resource group General. in ResourceGroupManager::openResource at C:\Users\Ana\FDI\IG2\OGRE\ogre-1.10.8\OgreMain\src\OgreResourceGroupManager.cpp (line 708)
13:48:58: FileNotFoundException: Cannot locate resource Panels_Diffuse.png in resource group General. in ResourceGroupManager::openResource at C:\Users\Ana\FDI\IG2\OGRE\ogre-1.10.8\OgreMain\src\OgreResourceGroupManager.cpp (line 708)
13:48:58: Error preparing texture Panels_Diffuse.png. Texture layer will be blank: FileNotFoundException: Cannot locate resource Panels_Diffuse.png in resource group General. in ResourceGroupManager::openResource at C:\Users\Ana\FDI\IG2\OGRE\ogre-1.10.8\OgreMain\src\OgreResourceGroupManager.cpp (line 708)
13:48:58: FileNotFoundException: Cannot locate resource Panels_Diffuse.png in resource group General. in ResourceGroupManager::openResource at C:\Users\Ana\FDI\IG2\OGRE\ogre-1.10.8\OgreMain\src\OgreResourceGroupManager.cpp (line 708)
13:48:59: Error preparing texture Panels_Diffuse.png. Texture layer will be blank: FileNotFoundException: Cannot locate resource Panels_Diffuse.png in resource group General. in ResourceGroupManager::openResource at C:\Users\Ana\FDI\IG2\OGRE\ogre-1.10.8\OgreMain\src\OgreResourceGroupManager.cpp (line 708)
13:48:59: FileNotFoundException: Cannot locate resource Panels_Diffuse.png in resource group General. in ResourceGroupManager::openResource at C:\Users\Ana\FDI\IG2\OGRE\ogre-1.10.8\OgreMain\src\OgreResourceGroupManager.cpp (line 708)
13:48:59: Error preparing texture Panels_Diffuse.png. Texture layer will be blank: FileNotFoundException: Cannot locate resource Panels_Diffuse.png in resource group General. in ResourceGroupManager::openResource at C:\Users\Ana\FDI\IG2\OGRE\ogre-1.10.8\OgreMain\src\OgreResourceGroupManager.cpp (line 708)
13:48:59: FileNotFoundException: Cannot locate resource Panels_Diffuse.png in resource group General. in ResourceGroupManager::openResource at C:\Users\Ana\FDI\IG2\OGRE\ogre-1.10.8\OgreMain\src\OgreResourceGroupManager.cpp (line 708)
13:48:59: Error preparing texture Panels_Diffuse.png. Texture layer will be blank: FileNotFoundException: Cannot locate resource Panels_Diffuse.png in resource group General. in ResourceGroupManager::openResource at C:\Users\Ana\FDI\IG2\OGRE\ogre-1.10.8\OgreMain\src\OgreResourceGroupManager.cpp (line 708)
13:48:59: Unregistering ResourceManager for type Font
13:48:59: DefaultWorkQueue('Root') shutting down on thread 6072.
13:48:59: DefaultWorkQueue('Root')::WorkerFunc - thread 7520 stopped.
13:48:59: DefaultWorkQueue('Root')::WorkerFunc - thread 3816 stopped.
13:48:59: DefaultWorkQueue('Root')::WorkerFunc - thread 3416 stopped.
13:48:59: DefaultWorkQueue('Root')::WorkerFunc - thread 4224 stopped.
13:48:59: PCZone Factory Type 'ZoneType_Octree' unregistered
13:48:59: Unregistering ResourceManager for type BspLevel
13:48:59: *-*-* OGRE Shutdown
13:48:59: Unregistering ResourceManager for type Compositor
13:48:59: Unregistering ResourceManager for type Skeleton
13:48:59: Unregistering ResourceManager for type Mesh
13:48:59: Unregistering ResourceManager for type HighLevelGpuProgram
13:48:59: Uninstalling plugin: Octree Scene Manager
13:48:59: Plugin successfully uninstalled
13:48:59: Unloading library .\Plugin_OctreeSceneManager_d
13:48:59: Uninstalling plugin: Octree Zone Factory
13:48:59: Plugin successfully uninstalled
13:48:59: Unloading library .\Plugin_OctreeZone_d
13:48:59: Uninstalling plugin: Portal Connected Zone Scene Manager
13:48:59: Plugin successfully uninstalled
13:48:59: Unloading library .\Plugin_PCZSceneManager_d
13:48:59: Uninstalling plugin: BSP Scene Manager
13:48:59: Plugin successfully uninstalled
13:48:59: Unloading library .\Plugin_BSPSceneManager_d
13:48:59: Uninstalling plugin: ParticleFX
13:48:59: Plugin successfully uninstalled
13:48:59: Unloading library .\Plugin_ParticleFX_d
13:48:59: Uninstalling plugin: GL 3+ RenderSystem
13:48:59: Unregistering ResourceManager for type GpuProgram
13:48:59: Unregistering ResourceManager for type Texture
13:48:59: *** Stopping Win32GL Subsystem ***
13:48:59: Plugin successfully uninstalled
13:48:59: Unloading library .\RenderSystem_GL3Plus_d
13:48:59: Uninstalling plugin: GL RenderSystem
13:48:59: *** Stopping Win32GL Subsystem ***
13:48:59: Plugin successfully uninstalled
13:48:59: Unloading library .\RenderSystem_GL_d
13:48:59: Unregistering ResourceManager for type Material
